Flow report for Raman
Tue Jun 05 19:02:41 2018
Quartus II 64-Bit Version 13.1.4 Build 182 03/12/2014 SJ Web Edition


---------------------
; Table of Contents ;
---------------------
  1. Legal Notice
  2. Flow Summary
  3. Flow Settings
  4. Flow Non-Default Global Settings
  5. Flow Elapsed Time
  6. Flow OS Summary
  7. Flow Log
  8. Flow Messages
  9. Flow Suppressed Messages



----------------
; Legal Notice ;
----------------
Copyright (C) 1991-2014 Altera Corporation
Your use of Altera Corporation's design tools, logic functions 
and other software and tools, and its AMPP partner logic 
functions, and any output files from any of the foregoing 
(including device programming or simulation files), and any 
associated documentation or information are expressly subject 
to the terms and conditions of the Altera Program License 
Subscription Agreement, Altera MegaCore Function License 
Agreement, or other applicable license agreement, including, 
without limitation, that your use is for the sole purpose of 
programming logic devices manufactured by Altera and sold by 
Altera or its authorized distributors.  Please refer to the 
applicable agreement for further details.



+---------------------------------------------------------------------------------+
; Flow Summary                                                                    ;
+------------------------------------+--------------------------------------------+
; Flow Status                        ; Successful - Tue Jun 05 19:02:41 2018      ;
; Quartus II 64-Bit Version          ; 13.1.4 Build 182 03/12/2014 SJ Web Edition ;
; Revision Name                      ; Raman                                      ;
; Top-level Entity Name              ; Raman                                      ;
; Family                             ; Cyclone IV E                               ;
; Device                             ; EP4CE22F17C6                               ;
; Timing Models                      ; Final                                      ;
; Total logic elements               ; 3,647 / 22,320 ( 16 % )                    ;
;     Total combinational functions  ; 2,489 / 22,320 ( 11 % )                    ;
;     Dedicated logic registers      ; 3,060 / 22,320 ( 14 % )                    ;
; Total registers                    ; 3060                                       ;
; Total pins                         ; 51 / 154 ( 33 % )                          ;
; Total virtual pins                 ; 0                                          ;
; Total memory bits                  ; 289,583 / 608,256 ( 48 % )                 ;
; Embedded Multiplier 9-bit elements ; 0 / 132 ( 0 % )                            ;
; Total PLLs                         ; 1 / 4 ( 25 % )                             ;
+------------------------------------+--------------------------------------------+


+-----------------------------------------+
; Flow Settings                           ;
+-------------------+---------------------+
; Option            ; Setting             ;
+-------------------+---------------------+
; Start date & time ; 06/05/2018 19:01:19 ;
; Main task         ; Compilation         ;
; Revision Name     ; Raman               ;
+-------------------+---------------------+


+-------------------------------------------------------------------------------------------------------------------------------------------------------------------------------+
; Flow Non-Default Global Settings                                                                                                                                              ;
+------------------------------------------------+-----------------------------------------------------------------------------+---------------+-------------+------------------+
; Assignment Name                                ; Value                                                                       ; Default Value ; Entity Name ; Section Id       ;
+------------------------------------------------+-----------------------------------------------------------------------------+---------------+-------------+------------------+
; COMPILER_SIGNATURE_ID                          ; 18431779550764.152821447914520                                              ; --            ; --          ; --               ;
; EDA_DESIGN_INSTANCE_NAME                       ; NA                                                                          ; --            ; --          ; Testbench_v3     ;
; EDA_NATIVELINK_SIMULATION_TEST_BENCH           ; Testbench_v3                                                                ; --            ; --          ; eda_simulation   ;
; EDA_OUTPUT_DATA_FORMAT                         ; Verilog Hdl                                                                 ; --            ; --          ; eda_simulation   ;
; EDA_SIMULATION_TOOL                            ; ModelSim-Altera (Verilog)                                                   ; <None>        ; --          ; --               ;
; EDA_TEST_BENCH_ENABLE_STATUS                   ; TEST_BENCH_MODE                                                             ; --            ; --          ; eda_simulation   ;
; EDA_TEST_BENCH_FILE                            ; simulation/modelsim/Raman.vt                                                ; --            ; --          ; Testbench_v3     ;
; EDA_TEST_BENCH_MODULE_NAME                     ; Raman_vlg_tst                                                               ; --            ; --          ; Testbench_v3     ;
; EDA_TEST_BENCH_NAME                            ; Testbench_v3                                                                ; --            ; --          ; eda_simulation   ;
; EDA_TIME_SCALE                                 ; 1 ps                                                                        ; --            ; --          ; eda_simulation   ;
; EDA_USER_COMPILED_SIMULATION_LIBRARY_DIRECTORY ; D:\Quartus\modelsim_ase                                                     ; --            ; --          ; eda_simulation   ;
; ENABLE_SIGNALTAP                               ; On                                                                          ; --            ; --          ; --               ;
; IP_TOOL_NAME                                   ; FIFO                                                                        ; --            ; --          ; --               ;
; IP_TOOL_NAME                                   ; LPM_CONSTANT                                                                ; --            ; --          ; --               ;
; IP_TOOL_NAME                                   ; LPM_CONSTANT                                                                ; --            ; --          ; --               ;
; IP_TOOL_NAME                                   ; RAM: 1-PORT                                                                 ; --            ; --          ; --               ;
; IP_TOOL_NAME                                   ; RAM: 1-PORT                                                                 ; --            ; --          ; --               ;
; IP_TOOL_NAME                                   ; RAM: 1-PORT                                                                 ; --            ; --          ; --               ;
; IP_TOOL_NAME                                   ; RAM: 1-PORT                                                                 ; --            ; --          ; --               ;
; IP_TOOL_NAME                                   ; RAM: 1-PORT                                                                 ; --            ; --          ; --               ;
; IP_TOOL_NAME                                   ; ALTPLL                                                                      ; --            ; --          ; --               ;
; IP_TOOL_NAME                                   ; RAM: 2-PORT                                                                 ; --            ; --          ; --               ;
; IP_TOOL_NAME                                   ; RAM: 2-PORT                                                                 ; --            ; --          ; --               ;
; IP_TOOL_NAME                                   ; RAM: 2-PORT                                                                 ; --            ; --          ; --               ;
; IP_TOOL_NAME                                   ; RAM: 2-PORT                                                                 ; --            ; --          ; --               ;
; IP_TOOL_NAME                                   ; LPM_DIVIDE                                                                  ; --            ; --          ; --               ;
; IP_TOOL_NAME                                   ; LPM_DIVIDE                                                                  ; --            ; --          ; --               ;
; IP_TOOL_VERSION                                ; 13.1                                                                        ; --            ; --          ; --               ;
; IP_TOOL_VERSION                                ; 13.1                                                                        ; --            ; --          ; --               ;
; IP_TOOL_VERSION                                ; 13.1                                                                        ; --            ; --          ; --               ;
; IP_TOOL_VERSION                                ; 13.1                                                                        ; --            ; --          ; --               ;
; IP_TOOL_VERSION                                ; 13.1                                                                        ; --            ; --          ; --               ;
; IP_TOOL_VERSION                                ; 13.1                                                                        ; --            ; --          ; --               ;
; IP_TOOL_VERSION                                ; 13.1                                                                        ; --            ; --          ; --               ;
; IP_TOOL_VERSION                                ; 13.1                                                                        ; --            ; --          ; --               ;
; IP_TOOL_VERSION                                ; 13.1                                                                        ; --            ; --          ; --               ;
; IP_TOOL_VERSION                                ; 13.1                                                                        ; --            ; --          ; --               ;
; IP_TOOL_VERSION                                ; 13.1                                                                        ; --            ; --          ; --               ;
; IP_TOOL_VERSION                                ; 13.1                                                                        ; --            ; --          ; --               ;
; IP_TOOL_VERSION                                ; 13.1                                                                        ; --            ; --          ; --               ;
; IP_TOOL_VERSION                                ; 13.1                                                                        ; --            ; --          ; --               ;
; IP_TOOL_VERSION                                ; 13.1                                                                        ; --            ; --          ; --               ;
; MAX_CORE_JUNCTION_TEMP                         ; 85                                                                          ; --            ; --          ; --               ;
; MIN_CORE_JUNCTION_TEMP                         ; 0                                                                           ; --            ; --          ; --               ;
; MISC_FILE                                      ; FIFORam_bb.v                                                                ; --            ; --          ; --               ;
; MISC_FILE                                      ; POINTS_bb.v                                                                 ; --            ; --          ; --               ;
; MISC_FILE                                      ; MEASURES_bb.v                                                               ; --            ; --          ; --               ;
; MISC_FILE                                      ; Summary.bsf                                                                 ; --            ; --          ; --               ;
; MISC_FILE                                      ; Summary_bb.v                                                                ; --            ; --          ; --               ;
; MISC_FILE                                      ; Stokes.bsf                                                                  ; --            ; --          ; --               ;
; MISC_FILE                                      ; Stokes_bb.v                                                                 ; --            ; --          ; --               ;
; MISC_FILE                                      ; Antistokes.bsf                                                              ; --            ; --          ; --               ;
; MISC_FILE                                      ; Antistokes_bb.v                                                             ; --            ; --          ; --               ;
; MISC_FILE                                      ; Memory.bsf                                                                  ; --            ; --          ; --               ;
; MISC_FILE                                      ; Memory_bb.v                                                                 ; --            ; --          ; --               ;
; MISC_FILE                                      ; Temperature.bsf                                                             ; --            ; --          ; --               ;
; MISC_FILE                                      ; Temperature_bb.v                                                            ; --            ; --          ; --               ;
; MISC_FILE                                      ; PLL.bsf                                                                     ; --            ; --          ; --               ;
; MISC_FILE                                      ; PLL_bb.v                                                                    ; --            ; --          ; --               ;
; MISC_FILE                                      ; PLL.ppf                                                                     ; --            ; --          ; --               ;
; MISC_FILE                                      ; Summary2port.bsf                                                            ; --            ; --          ; --               ;
; MISC_FILE                                      ; Summary2port_bb.v                                                           ; --            ; --          ; --               ;
; MISC_FILE                                      ; Stokes2port.bsf                                                             ; --            ; --          ; --               ;
; MISC_FILE                                      ; Stokes2port_bb.v                                                            ; --            ; --          ; --               ;
; MISC_FILE                                      ; Antistokes2port.bsf                                                         ; --            ; --          ; --               ;
; MISC_FILE                                      ; Antistokes2port_bb.v                                                        ; --            ; --          ; --               ;
; MISC_FILE                                      ; Memory2port.bsf                                                             ; --            ; --          ; --               ;
; MISC_FILE                                      ; Memory2port_bb.v                                                            ; --            ; --          ; --               ;
; MISC_FILE                                      ; LPM_DIV_bb.v                                                                ; --            ; --          ; --               ;
; MISC_FILE                                      ; LPM_DIV2_bb.v                                                               ; --            ; --          ; --               ;
; NOMINAL_CORE_SUPPLY_VOLTAGE                    ; 1.2V                                                                        ; --            ; --          ; --               ;
; PARTITION_COLOR                                ; 16764057                                                                    ; --            ; --          ; Top              ;
; PARTITION_FITTER_PRESERVATION_LEVEL            ; PLACEMENT_AND_ROUTING                                                       ; --            ; --          ; Top              ;
; PARTITION_NETLIST_TYPE                         ; POST_FIT                                                                    ; --            ; --          ; Top              ;
; PROJECT_OUTPUT_DIRECTORY                       ; output_files                                                                ; --            ; --          ; --               ;
; SLD_FILE                                       ; db/stp2_auto_stripped.stp                                                   ; --            ; --          ; --               ;
; SLD_NODE_CREATOR_ID                            ; 110                                                                         ; --            ; --          ; auto_signaltap_0 ;
; SLD_NODE_ENTITY_NAME                           ; sld_signaltap                                                               ; --            ; --          ; auto_signaltap_0 ;
; SLD_NODE_PARAMETER_ASSIGNMENT                  ; SLD_RAM_BLOCK_TYPE=AUTO                                                     ; --            ; --          ; auto_signaltap_0 ;
; SLD_NODE_PARAMETER_ASSIGNMENT                  ; SLD_NODE_INFO=805334528                                                     ; --            ; --          ; auto_signaltap_0 ;
; SLD_NODE_PARAMETER_ASSIGNMENT                  ; SLD_POWER_UP_TRIGGER=0                                                      ; --            ; --          ; auto_signaltap_0 ;
; SLD_NODE_PARAMETER_ASSIGNMENT                  ; SLD_STORAGE_QUALIFIER_INVERSION_MASK_LENGTH=0                               ; --            ; --          ; auto_signaltap_0 ;
; SLD_NODE_PARAMETER_ASSIGNMENT                  ; SLD_ATTRIBUTE_MEM_MODE=OFF                                                  ; --            ; --          ; auto_signaltap_0 ;
; SLD_NODE_PARAMETER_ASSIGNMENT                  ; SLD_TRIGGER_LEVEL=1                                                         ; --            ; --          ; auto_signaltap_0 ;
; SLD_NODE_PARAMETER_ASSIGNMENT                  ; SLD_TRIGGER_IN_ENABLED=0                                                    ; --            ; --          ; auto_signaltap_0 ;
; SLD_NODE_PARAMETER_ASSIGNMENT                  ; SLD_ADVANCED_TRIGGER_ENTITY=basic,1,                                        ; --            ; --          ; auto_signaltap_0 ;
; SLD_NODE_PARAMETER_ASSIGNMENT                  ; SLD_TRIGGER_LEVEL_PIPELINE=1                                                ; --            ; --          ; auto_signaltap_0 ;
; SLD_NODE_PARAMETER_ASSIGNMENT                  ; SLD_ENABLE_ADVANCED_TRIGGER=0                                               ; --            ; --          ; auto_signaltap_0 ;
; SLD_NODE_PARAMETER_ASSIGNMENT                  ; SLD_STATE_FLOW_USE_GENERATED=1                                              ; --            ; --          ; auto_signaltap_0 ;
; SLD_NODE_PARAMETER_ASSIGNMENT                  ; SLD_STATE_BITS=2                                                            ; --            ; --          ; auto_signaltap_0 ;
; SLD_NODE_PARAMETER_ASSIGNMENT                  ; SLD_STATE_FLOW_MGR_ENTITY=sld_reserved_Raman_auto_signaltap_0_flow_mgr_c90c ; --            ; --          ; auto_signaltap_0 ;
; SLD_NODE_PARAMETER_ASSIGNMENT                  ; SLD_BUFFER_FULL_STOP=0                                                      ; --            ; --          ; auto_signaltap_0 ;
; SLD_NODE_PARAMETER_ASSIGNMENT                  ; SLD_CURRENT_RESOURCE_WIDTH=0                                                ; --            ; --          ; auto_signaltap_0 ;
; SLD_NODE_PARAMETER_ASSIGNMENT                  ; SLD_DATA_BITS=12                                                            ; --            ; --          ; auto_signaltap_0 ;
; SLD_NODE_PARAMETER_ASSIGNMENT                  ; SLD_TRIGGER_BITS=12                                                         ; --            ; --          ; auto_signaltap_0 ;
; SLD_NODE_PARAMETER_ASSIGNMENT                  ; SLD_INVERSION_MASK=00000000000000000000000000000000000000000000000000       ; --            ; --          ; auto_signaltap_0 ;
; SLD_NODE_PARAMETER_ASSIGNMENT                  ; SLD_INVERSION_MASK_LENGTH=50                                                ; --            ; --          ; auto_signaltap_0 ;
; SLD_NODE_PARAMETER_ASSIGNMENT                  ; SLD_SEGMENT_SIZE=1024                                                       ; --            ; --          ; auto_signaltap_0 ;
; SLD_NODE_PARAMETER_ASSIGNMENT                  ; SLD_NODE_CRC_LOWORD=46309                                                   ; --            ; --          ; auto_signaltap_0 ;
; SLD_NODE_PARAMETER_ASSIGNMENT                  ; SLD_NODE_CRC_HIWORD=46218                                                   ; --            ; --          ; auto_signaltap_0 ;
; SLD_NODE_PARAMETER_ASSIGNMENT                  ; SLD_SAMPLE_DEPTH=1024                                                       ; --            ; --          ; auto_signaltap_0 ;
; USE_SIGNALTAP_FILE                             ; stp2.stp                                                                    ; --            ; --          ; --               ;
+------------------------------------------------+-----------------------------------------------------------------------------+---------------+-------------+------------------+


+-------------------------------------------------------------------------------------------------------------------------------+
; Flow Elapsed Time                                                                                                             ;
+---------------------------+--------------+-------------------------+---------------------+------------------------------------+
; Module Name               ; Elapsed Time ; Average Processors Used ; Peak Virtual Memory ; Total CPU Time (on all processors) ;
+---------------------------+--------------+-------------------------+---------------------+------------------------------------+
; Analysis & Synthesis      ; 00:00:19     ; 1.0                     ; 4845 MB             ; 00:00:18                           ;
; Partition Merge           ; 00:00:02     ; 1.0                     ; 4701 MB             ; 00:00:02                           ;
; Fitter                    ; 00:00:31     ; 1.5                     ; 5494 MB             ; 00:00:42                           ;
; Assembler                 ; 00:00:02     ; 1.0                     ; 4634 MB             ; 00:00:02                           ;
; TimeQuest Timing Analyzer ; 00:00:05     ; 1.0                     ; 4778 MB             ; 00:00:06                           ;
; EDA Netlist Writer        ; 00:00:08     ; 1.0                     ; 4622 MB             ; 00:00:07                           ;
; Total                     ; 00:01:07     ; --                      ; --                  ; 00:01:17                           ;
+---------------------------+--------------+-------------------------+---------------------+------------------------------------+


+----------------------------------------------------------------------------------------+
; Flow OS Summary                                                                        ;
+---------------------------+------------------+-----------+------------+----------------+
; Module Name               ; Machine Hostname ; OS Name   ; OS Version ; Processor type ;
+---------------------------+------------------+-----------+------------+----------------+
; Analysis & Synthesis      ; DESKTOP-NKDPDT1  ; Windows 7 ; 6.2        ; x86_64         ;
; Partition Merge           ; DESKTOP-NKDPDT1  ; Windows 7 ; 6.2        ; x86_64         ;
; Fitter                    ; DESKTOP-NKDPDT1  ; Windows 7 ; 6.2        ; x86_64         ;
; Assembler                 ; DESKTOP-NKDPDT1  ; Windows 7 ; 6.2        ; x86_64         ;
; TimeQuest Timing Analyzer ; DESKTOP-NKDPDT1  ; Windows 7 ; 6.2        ; x86_64         ;
; EDA Netlist Writer        ; DESKTOP-NKDPDT1  ; Windows 7 ; 6.2        ; x86_64         ;
+---------------------------+------------------+-----------+------------+----------------+


------------
; Flow Log ;
------------
quartus_map --read_settings_files=on --write_settings_files=off Raman -c Raman
quartus_cdb --read_settings_files=off --write_settings_files=off Raman -c Raman --merge=on
quartus_fit --read_settings_files=off --write_settings_files=off Raman -c Raman
quartus_asm --read_settings_files=off --write_settings_files=off Raman -c Raman
quartus_sta Raman -c Raman
quartus_eda --read_settings_files=off --write_settings_files=off Raman -c Raman



